[ 2017-09-20T20:52:25+08:00 ] 127.0.0.1 /
INFO: [ app_init ] --START--
INFO: Run Behavior\BuildLiteBehavior [ RunTime:0.000020s ]
INFO: [ app_init ] --END-- [ RunTime:0.000688s ]
INFO: [ app_begin ] --START--
INFO: Run Behavior\ReadHtmlCacheBehavior [ RunTime:0.000930s ]
INFO: [ app_begin ] --END-- [ RunTime:0.001059s ]
NOTIC: [2048] Declaration of Home\Model\ArticleModel::page() should be compatible with Think\Model::page($page, $listRows = NULL) F:\oa\Application\Home\Model\ArticleModel.class.php 第 9 行.
SQL: SHOW COLUMNS FROM `article` [ RunTime:0.0354s ]
SQL: SELECT COUNT(*) AS tp_count FROM `article` LIMIT 1   [ RunTime:0.0006s ]
SQL: SELECT COUNT(*) AS tp_count FROM `article` ORDER BY id desc LIMIT 1   [ RunTime:0.0006s ]
SQL: SELECT COUNT(*) AS tp_count FROM `article` LIMIT 1   [ RunTime:0.0007s ]
SQL: SELECT * FROM `article` LIMIT 0,10   [ RunTime:0.0013s ]
INFO: [ view_parse ] --START--
INFO: [ template_filter ] --START--
INFO: Run Behavior\ContentReplaceBehavior [ RunTime:0.000158s ]
INFO: [ template_filter ] --END-- [ RunTime:0.000260s ]
INFO: Run Behavior\ParseTemplateBehavior [ RunTime:0.019605s ]
INFO: [ view_parse ] --END-- [ RunTime:0.019708s ]
INFO: [ view_filter ] --START--
INFO: Run Behavior\WriteHtmlCacheBehavior [ RunTime:0.000717s ]
INFO: [ view_filter ] --END-- [ RunTime:0.000791s ]
INFO: [ app_end ] --START--
INFO: Run Behavior\ShowPageTraceBehavior [ RunTime:0.001688s ]
INFO: [ app_end ] --END-- [ RunTime:0.001817s ]

[ 2017-09-20T20:52:39+08:00 ] 127.0.0.1 /index.php?m=Home&c=index&a=article&id=1
INFO: [ app_init ] --START--
INFO: Run Behavior\BuildLiteBehavior [ RunTime:0.000013s ]
INFO: [ app_init ] --END-- [ RunTime:0.000392s ]
INFO: [ app_begin ] --START--
INFO: Run Behavior\ReadHtmlCacheBehavior [ RunTime:0.000543s ]
INFO: [ app_begin ] --END-- [ RunTime:0.000600s ]
NOTIC: [2048] Declaration of Home\Model\ArticleModel::page() should be compatible with Think\Model::page($page, $listRows = NULL) F:\oa\Application\Home\Model\ArticleModel.class.php 第 9 行.
SQL: SHOW COLUMNS FROM `article` [ RunTime:0.0096s ]
SQL: SELECT * FROM `article` WHERE `id` = 1 LIMIT 1   [ RunTime:0.0011s ]
SQL: SELECT * FROM `article` WHERE `id` = 2 LIMIT 1   [ RunTime:0.0010s ]
NOTIC: [8] Undefined variable: prev_res F:\oa\Application\Home\Controller\IndexController.class.php 第 21 行.
INFO: [ view_parse ] --START--
INFO: [ template_filter ] --START--
INFO: Run Behavior\ContentReplaceBehavior [ RunTime:0.000307s ]
INFO: [ template_filter ] --END-- [ RunTime:0.000475s ]
INFO: Run Behavior\ParseTemplateBehavior [ RunTime:0.025909s ]
INFO: [ view_parse ] --END-- [ RunTime:0.026034s ]
INFO: [ view_filter ] --START--
INFO: Run Behavior\WriteHtmlCacheBehavior [ RunTime:0.000499s ]
INFO: [ view_filter ] --END-- [ RunTime:0.000558s ]
INFO: [ app_end ] --START--
INFO: Run Behavior\ShowPageTraceBehavior [ RunTime:0.000673s ]
INFO: [ app_end ] --END-- [ RunTime:0.000730s ]

[ 2017-09-20T21:44:47+08:00 ] 127.0.0.1 /index.php?m=Home&c=index&a=article&id=5
INFO: [ app_init ] --START--
INFO: Run Behavior\BuildLiteBehavior [ RunTime:0.000025s ]
INFO: [ app_init ] --END-- [ RunTime:0.000507s ]
INFO: [ app_begin ] --START--
INFO: Run Behavior\ReadHtmlCacheBehavior [ RunTime:0.000646s ]
INFO: [ app_begin ] --END-- [ RunTime:0.000712s ]
NOTIC: [2048] Declaration of Home\Model\ArticleModel::page() should be compatible with Think\Model::page($page, $listRows = NULL) F:\oa\Application\Home\Model\ArticleModel.class.php 第 9 行.
SQL: SHOW COLUMNS FROM `article` [ RunTime:0.0222s ]
SQL: SELECT * FROM `article` WHERE `id` = 5 LIMIT 1   [ RunTime:0.0011s ]
SQL: SELECT * FROM `article` WHERE `id` = 4 LIMIT 1   [ RunTime:0.0006s ]
SQL: SELECT * FROM `article` WHERE `id` = 6 LIMIT 1   [ RunTime:0.0004s ]
INFO: [ view_parse ] --START--
INFO: [ template_filter ] --START--
INFO: Run Behavior\ContentReplaceBehavior [ RunTime:0.000139s ]
INFO: [ template_filter ] --END-- [ RunTime:0.000229s ]
INFO: Run Behavior\ParseTemplateBehavior [ RunTime:0.012874s ]
INFO: [ view_parse ] --END-- [ RunTime:0.012967s ]
INFO: [ view_filter ] --START--
INFO: Run Behavior\WriteHtmlCacheBehavior [ RunTime:0.000532s ]
INFO: [ view_filter ] --END-- [ RunTime:0.000584s ]
INFO: [ app_end ] --START--
INFO: Run Behavior\ShowPageTraceBehavior [ RunTime:0.001004s ]
INFO: [ app_end ] --END-- [ RunTime:0.001123s ]

