[ 2017-09-21T21:50:56+08:00 ] 127.0.0.1 /about/busuanzi.pure.mini.js
INFO: [ app_init ] --START--
INFO: Run Behavior\BuildLiteBehavior [ RunTime:0.000011s ]
INFO: [ app_init ] --END-- [ RunTime:0.000295s ]
ERR: 无法加载模块:About

[ 2017-09-21T21:51:48+08:00 ] 127.0.0.1 /about/busuanzi.pure.mini.js
INFO: [ app_init ] --START--
INFO: Run Behavior\BuildLiteBehavior [ RunTime:0.000012s ]
INFO: [ app_init ] --END-- [ RunTime:0.000307s ]
ERR: 无法加载模块:About

[ 2017-09-21T21:52:00+08:00 ] 127.0.0.1 /about/busuanzi.pure.mini.js
INFO: [ app_init ] --START--
INFO: Run Behavior\BuildLiteBehavior [ RunTime:0.000014s ]
INFO: [ app_init ] --END-- [ RunTime:0.000593s ]
ERR: 无法加载模块:About

[ 2017-09-21T21:52:35+08:00 ] 127.0.0.1 /about/busuanzi.pure.mini.js
INFO: [ app_init ] --START--
INFO: Run Behavior\BuildLiteBehavior [ RunTime:0.000014s ]
INFO: [ app_init ] --END-- [ RunTime:0.000298s ]
ERR: 无法加载模块:About

[ 2017-09-21T21:52:39+08:00 ] 127.0.0.1 /about/busuanzi.pure.mini.js
INFO: [ app_init ] --START--
INFO: Run Behavior\BuildLiteBehavior [ RunTime:0.000012s ]
INFO: [ app_init ] --END-- [ RunTime:0.000281s ]
ERR: 无法加载模块:About

[ 2017-09-21T21:54:08+08:00 ] 127.0.0.1 /about/busuanzi.pure.mini.js
INFO: [ app_init ] --START--
INFO: Run Behavior\BuildLiteBehavior [ RunTime:0.000017s ]
INFO: [ app_init ] --END-- [ RunTime:0.000401s ]
ERR: 无法加载模块:About

[ 2017-09-21T21:56:12+08:00 ] 127.0.0.1 /about/busuanzi.pure.mini.js
INFO: [ app_init ] --START--
INFO: Run Behavior\BuildLiteBehavior [ RunTime:0.000018s ]
INFO: [ app_init ] --END-- [ RunTime:0.000387s ]
ERR: 无法加载模块:About

[ 2017-09-21T21:56:19+08:00 ] 127.0.0.1 /about/busuanzi.pure.mini.js
INFO: [ app_init ] --START--
INFO: Run Behavior\BuildLiteBehavior [ RunTime:0.000013s ]
INFO: [ app_init ] --END-- [ RunTime:0.000309s ]
ERR: 无法加载模块:About

[ 2017-09-21T21:56:40+08:00 ] 127.0.0.1 /about/busuanzi.pure.mini.js
INFO: [ app_init ] --START--
INFO: Run Behavior\BuildLiteBehavior [ RunTime:0.000013s ]
INFO: [ app_init ] --END-- [ RunTime:0.000338s ]
ERR: 无法加载模块:About

[ 2017-09-21T21:56:53+08:00 ] 127.0.0.1 /about/busuanzi.pure.mini.js
INFO: [ app_init ] --START--
INFO: Run Behavior\BuildLiteBehavior [ RunTime:0.000012s ]
INFO: [ app_init ] --END-- [ RunTime:0.000275s ]
ERR: 无法加载模块:About

[ 2017-09-21T21:57:27+08:00 ] 127.0.0.1 /about/busuanzi.pure.mini.js
INFO: [ app_init ] --START--
INFO: Run Behavior\BuildLiteBehavior [ RunTime:0.000012s ]
INFO: [ app_init ] --END-- [ RunTime:0.000272s ]
ERR: 无法加载模块:About

[ 2017-09-21T21:58:02+08:00 ] 127.0.0.1 /about/busuanzi.pure.mini.js
INFO: [ app_init ] --START--
INFO: Run Behavior\BuildLiteBehavior [ RunTime:0.000016s ]
INFO: [ app_init ] --END-- [ RunTime:0.000662s ]
ERR: 无法加载模块:About

[ 2017-09-21T21:58:20+08:00 ] 127.0.0.1 /about/busuanzi.pure.mini.js
INFO: [ app_init ] --START--
INFO: Run Behavior\BuildLiteBehavior [ RunTime:0.000012s ]
INFO: [ app_init ] --END-- [ RunTime:0.000331s ]
ERR: 无法加载模块:About

[ 2017-09-21T21:58:38+08:00 ] 127.0.0.1 /about/busuanzi.pure.mini.js
INFO: [ app_init ] --START--
INFO: Run Behavior\BuildLiteBehavior [ RunTime:0.000017s ]
INFO: [ app_init ] --END-- [ RunTime:0.000398s ]
ERR: 无法加载模块:About

[ 2017-09-21T21:58:47+08:00 ] 127.0.0.1 /about/busuanzi.pure.mini.js
INFO: [ app_init ] --START--
INFO: Run Behavior\BuildLiteBehavior [ RunTime:0.000013s ]
INFO: [ app_init ] --END-- [ RunTime:0.000301s ]
ERR: 无法加载模块:About

[ 2017-09-21T22:00:01+08:00 ] 127.0.0.1 /about/busuanzi.pure.mini.js
INFO: [ app_init ] --START--
INFO: Run Behavior\BuildLiteBehavior [ RunTime:0.000012s ]
INFO: [ app_init ] --END-- [ RunTime:0.000275s ]
ERR: 无法加载模块:About

[ 2017-09-21T22:00:35+08:00 ] 127.0.0.1 /about/busuanzi.pure.mini.js
INFO: [ app_init ] --START--
INFO: Run Behavior\BuildLiteBehavior [ RunTime:0.000011s ]
INFO: [ app_init ] --END-- [ RunTime:0.000285s ]
ERR: 无法加载模块:About

[ 2017-09-21T22:01:21+08:00 ] 127.0.0.1 /about/busuanzi.pure.mini.js
INFO: [ app_init ] --START--
INFO: Run Behavior\BuildLiteBehavior [ RunTime:0.000019s ]
INFO: [ app_init ] --END-- [ RunTime:0.000458s ]
ERR: 无法加载模块:About

[ 2017-09-21T22:01:37+08:00 ] 127.0.0.1 /about/busuanzi.pure.mini.js
INFO: [ app_init ] --START--
INFO: Run Behavior\BuildLiteBehavior [ RunTime:0.000017s ]
INFO: [ app_init ] --END-- [ RunTime:0.000331s ]
ERR: 无法加载模块:About

[ 2017-09-21T22:01:52+08:00 ] 127.0.0.1 /about/busuanzi.pure.mini.js
INFO: [ app_init ] --START--
INFO: Run Behavior\BuildLiteBehavior [ RunTime:0.000013s ]
INFO: [ app_init ] --END-- [ RunTime:0.000306s ]
ERR: 无法加载模块:About

[ 2017-09-21T22:02:22+08:00 ] 127.0.0.1 /about/busuanzi.pure.mini.js
INFO: [ app_init ] --START--
INFO: Run Behavior\BuildLiteBehavior [ RunTime:0.000017s ]
INFO: [ app_init ] --END-- [ RunTime:0.000388s ]
ERR: 无法加载模块:About

[ 2017-09-21T22:02:30+08:00 ] 127.0.0.1 /about/busuanzi.pure.mini.js
INFO: [ app_init ] --START--
INFO: Run Behavior\BuildLiteBehavior [ RunTime:0.000024s ]
INFO: [ app_init ] --END-- [ RunTime:0.000398s ]
ERR: 无法加载模块:About

[ 2017-09-21T22:02:37+08:00 ] 127.0.0.1 /about/busuanzi.pure.mini.js
INFO: [ app_init ] --START--
INFO: Run Behavior\BuildLiteBehavior [ RunTime:0.000013s ]
INFO: [ app_init ] --END-- [ RunTime:0.000315s ]
ERR: 无法加载模块:About

[ 2017-09-21T22:02:44+08:00 ] 127.0.0.1 /about/busuanzi.pure.mini.js
INFO: [ app_init ] --START--
INFO: Run Behavior\BuildLiteBehavior [ RunTime:0.000012s ]
INFO: [ app_init ] --END-- [ RunTime:0.000289s ]
ERR: 无法加载模块:About

[ 2017-09-21T22:02:51+08:00 ] 127.0.0.1 /about/busuanzi.pure.mini.js
INFO: [ app_init ] --START--
INFO: Run Behavior\BuildLiteBehavior [ RunTime:0.000012s ]
INFO: [ app_init ] --END-- [ RunTime:0.000282s ]
ERR: 无法加载模块:About

[ 2017-09-21T22:03:53+08:00 ] 127.0.0.1 /about/busuanzi.pure.mini.js
INFO: [ app_init ] --START--
INFO: Run Behavior\BuildLiteBehavior [ RunTime:0.000015s ]
INFO: [ app_init ] --END-- [ RunTime:0.000415s ]
ERR: 无法加载模块:About

[ 2017-09-21T22:04:45+08:00 ] 127.0.0.1 /about/busuanzi.pure.mini.js
INFO: [ app_init ] --START--
INFO: Run Behavior\BuildLiteBehavior [ RunTime:0.000016s ]
INFO: [ app_init ] --END-- [ RunTime:0.000413s ]
ERR: 无法加载模块:About

[ 2017-09-21T22:04:58+08:00 ] 127.0.0.1 /about/busuanzi.pure.mini.js
INFO: [ app_init ] --START--
INFO: Run Behavior\BuildLiteBehavior [ RunTime:0.000011s ]
INFO: [ app_init ] --END-- [ RunTime:0.000281s ]
ERR: 无法加载模块:About

[ 2017-09-21T22:05:04+08:00 ] 127.0.0.1 /about/busuanzi.pure.mini.js
INFO: [ app_init ] --START--
INFO: Run Behavior\BuildLiteBehavior [ RunTime:0.000016s ]
INFO: [ app_init ] --END-- [ RunTime:0.000448s ]
ERR: 无法加载模块:About

[ 2017-09-21T22:05:17+08:00 ] 127.0.0.1 /about/busuanzi.pure.mini.js
INFO: [ app_init ] --START--
INFO: Run Behavior\BuildLiteBehavior [ RunTime:0.000012s ]
INFO: [ app_init ] --END-- [ RunTime:0.000307s ]
ERR: 无法加载模块:About

[ 2017-09-21T22:05:24+08:00 ] 127.0.0.1 /about/busuanzi.pure.mini.js
INFO: [ app_init ] --START--
INFO: Run Behavior\BuildLiteBehavior [ RunTime:0.000016s ]
INFO: [ app_init ] --END-- [ RunTime:0.000387s ]
ERR: 无法加载模块:About

[ 2017-09-21T22:05:36+08:00 ] 127.0.0.1 /about/busuanzi.pure.mini.js
INFO: [ app_init ] --START--
INFO: Run Behavior\BuildLiteBehavior [ RunTime:0.000012s ]
INFO: [ app_init ] --END-- [ RunTime:0.000278s ]
ERR: 无法加载模块:About

[ 2017-09-21T22:05:57+08:00 ] 127.0.0.1 /about/busuanzi.pure.mini.js
INFO: [ app_init ] --START--
INFO: Run Behavior\BuildLiteBehavior [ RunTime:0.000012s ]
INFO: [ app_init ] --END-- [ RunTime:0.000291s ]
ERR: 无法加载模块:About

[ 2017-09-21T22:06:18+08:00 ] 127.0.0.1 /about/busuanzi.pure.mini.js
INFO: [ app_init ] --START--
INFO: Run Behavior\BuildLiteBehavior [ RunTime:0.000012s ]
INFO: [ app_init ] --END-- [ RunTime:0.000285s ]
ERR: 无法加载模块:About

[ 2017-09-21T22:06:58+08:00 ] 127.0.0.1 /about/busuanzi.pure.mini.js
INFO: [ app_init ] --START--
INFO: Run Behavior\BuildLiteBehavior [ RunTime:0.000018s ]
INFO: [ app_init ] --END-- [ RunTime:0.000465s ]
ERR: 无法加载模块:About

[ 2017-09-21T22:08:02+08:00 ] 127.0.0.1 /about/busuanzi.pure.mini.js
INFO: [ app_init ] --START--
INFO: Run Behavior\BuildLiteBehavior [ RunTime:0.000016s ]
INFO: [ app_init ] --END-- [ RunTime:0.000413s ]
ERR: 无法加载模块:About

[ 2017-09-21T22:08:17+08:00 ] 127.0.0.1 /about/busuanzi.pure.mini.js
INFO: [ app_init ] --START--
INFO: Run Behavior\BuildLiteBehavior [ RunTime:0.000037s ]
INFO: [ app_init ] --END-- [ RunTime:0.000649s ]
ERR: 无法加载模块:About

[ 2017-09-21T22:14:48+08:00 ] 127.0.0.1 /about/busuanzi.pure.mini.js
INFO: [ app_init ] --START--
INFO: Run Behavior\BuildLiteBehavior [ RunTime:0.000012s ]
INFO: [ app_init ] --END-- [ RunTime:0.000328s ]
ERR: 无法加载模块:About

[ 2017-09-21T22:15:56+08:00 ] 127.0.0.1 /about/busuanzi.pure.mini.js
INFO: [ app_init ] --START--
INFO: Run Behavior\BuildLiteBehavior [ RunTime:0.000012s ]
INFO: [ app_init ] --END-- [ RunTime:0.000294s ]
ERR: 无法加载模块:About

[ 2017-09-21T22:16:03+08:00 ] 127.0.0.1 /about/busuanzi.pure.mini.js
INFO: [ app_init ] --START--
INFO: Run Behavior\BuildLiteBehavior [ RunTime:0.000012s ]
INFO: [ app_init ] --END-- [ RunTime:0.000290s ]
ERR: 无法加载模块:About

[ 2017-09-21T22:16:15+08:00 ] 127.0.0.1 /about/busuanzi.pure.mini.js
INFO: [ app_init ] --START--
INFO: Run Behavior\BuildLiteBehavior [ RunTime:0.000013s ]
INFO: [ app_init ] --END-- [ RunTime:0.000321s ]
ERR: 无法加载模块:About

[ 2017-09-21T22:16:26+08:00 ] 127.0.0.1 /about/busuanzi.pure.mini.js
INFO: [ app_init ] --START--
INFO: Run Behavior\BuildLiteBehavior [ RunTime:0.000012s ]
INFO: [ app_init ] --END-- [ RunTime:0.000304s ]
ERR: 无法加载模块:About

[ 2017-09-21T22:17:05+08:00 ] 127.0.0.1 /about/busuanzi.pure.mini.js
INFO: [ app_init ] --START--
INFO: Run Behavior\BuildLiteBehavior [ RunTime:0.000020s ]
INFO: [ app_init ] --END-- [ RunTime:0.000492s ]
ERR: 无法加载模块:About

[ 2017-09-21T22:18:12+08:00 ] 127.0.0.1 /about/busuanzi.pure.mini.js
INFO: [ app_init ] --START--
INFO: Run Behavior\BuildLiteBehavior [ RunTime:0.000018s ]
INFO: [ app_init ] --END-- [ RunTime:0.000477s ]
ERR: 无法加载模块:About

[ 2017-09-21T22:18:31+08:00 ] 127.0.0.1 /about/busuanzi.pure.mini.js
INFO: [ app_init ] --START--
INFO: Run Behavior\BuildLiteBehavior [ RunTime:0.000026s ]
INFO: [ app_init ] --END-- [ RunTime:0.000550s ]
ERR: 无法加载模块:About

[ 2017-09-21T22:19:12+08:00 ] 127.0.0.1 /about/busuanzi.pure.mini.js
INFO: [ app_init ] --START--
INFO: Run Behavior\BuildLiteBehavior [ RunTime:0.000018s ]
INFO: [ app_init ] --END-- [ RunTime:0.000336s ]
ERR: 无法加载模块:About

[ 2017-09-21T22:19:49+08:00 ] 127.0.0.1 /about/busuanzi.pure.mini.js
INFO: [ app_init ] --START--
INFO: Run Behavior\BuildLiteBehavior [ RunTime:0.000018s ]
INFO: [ app_init ] --END-- [ RunTime:0.000419s ]
ERR: 无法加载模块:About

[ 2017-09-21T22:20:15+08:00 ] 127.0.0.1 /about/busuanzi.pure.mini.js
INFO: [ app_init ] --START--
INFO: Run Behavior\BuildLiteBehavior [ RunTime:0.000013s ]
INFO: [ app_init ] --END-- [ RunTime:0.000332s ]
ERR: 无法加载模块:About

[ 2017-09-21T22:20:50+08:00 ] 127.0.0.1 /about/busuanzi.pure.mini.js
INFO: [ app_init ] --START--
INFO: Run Behavior\BuildLiteBehavior [ RunTime:0.000012s ]
INFO: [ app_init ] --END-- [ RunTime:0.000281s ]
ERR: 无法加载模块:About

[ 2017-09-21T22:21:03+08:00 ] 127.0.0.1 /about/busuanzi.pure.mini.js
INFO: [ app_init ] --START--
INFO: Run Behavior\BuildLiteBehavior [ RunTime:0.000017s ]
INFO: [ app_init ] --END-- [ RunTime:0.000466s ]
ERR: 无法加载模块:About

[ 2017-09-21T22:21:25+08:00 ] 127.0.0.1 /about/busuanzi.pure.mini.js
INFO: [ app_init ] --START--
INFO: Run Behavior\BuildLiteBehavior [ RunTime:0.000033s ]
INFO: [ app_init ] --END-- [ RunTime:0.000547s ]
ERR: 无法加载模块:About

[ 2017-09-21T22:21:31+08:00 ] 127.0.0.1 /about/busuanzi.pure.mini.js
INFO: [ app_init ] --START--
INFO: Run Behavior\BuildLiteBehavior [ RunTime:0.000018s ]
INFO: [ app_init ] --END-- [ RunTime:0.000549s ]
ERR: 无法加载模块:About

[ 2017-09-21T22:22:05+08:00 ] 127.0.0.1 /about/busuanzi.pure.mini.js
INFO: [ app_init ] --START--
INFO: Run Behavior\BuildLiteBehavior [ RunTime:0.000012s ]
INFO: [ app_init ] --END-- [ RunTime:0.000323s ]
ERR: 无法加载模块:About

[ 2017-09-21T22:22:13+08:00 ] 127.0.0.1 /about/busuanzi.pure.mini.js
INFO: [ app_init ] --START--
INFO: Run Behavior\BuildLiteBehavior [ RunTime:0.000012s ]
INFO: [ app_init ] --END-- [ RunTime:0.000336s ]
ERR: 无法加载模块:About

[ 2017-09-21T22:22:19+08:00 ] 127.0.0.1 /about/busuanzi.pure.mini.js
INFO: [ app_init ] --START--
INFO: Run Behavior\BuildLiteBehavior [ RunTime:0.000014s ]
INFO: [ app_init ] --END-- [ RunTime:0.000370s ]
ERR: 无法加载模块:About

[ 2017-09-21T22:22:35+08:00 ] 127.0.0.1 /about/busuanzi.pure.mini.js
INFO: [ app_init ] --START--
INFO: Run Behavior\BuildLiteBehavior [ RunTime:0.000013s ]
INFO: [ app_init ] --END-- [ RunTime:0.000306s ]
ERR: 无法加载模块:About

[ 2017-09-21T22:23:00+08:00 ] 127.0.0.1 /about/busuanzi.pure.mini.js
INFO: [ app_init ] --START--
INFO: Run Behavior\BuildLiteBehavior [ RunTime:0.000012s ]
INFO: [ app_init ] --END-- [ RunTime:0.000292s ]
ERR: 无法加载模块:About

[ 2017-09-21T22:23:31+08:00 ] 127.0.0.1 /about/busuanzi.pure.mini.js
INFO: [ app_init ] --START--
INFO: Run Behavior\BuildLiteBehavior [ RunTime:0.000013s ]
INFO: [ app_init ] --END-- [ RunTime:0.000326s ]
ERR: 无法加载模块:About

[ 2017-09-21T22:23:39+08:00 ] 127.0.0.1 /about/busuanzi.pure.mini.js
INFO: [ app_init ] --START--
INFO: Run Behavior\BuildLiteBehavior [ RunTime:0.000075s ]
INFO: [ app_init ] --END-- [ RunTime:0.001637s ]
ERR: 无法加载模块:About

[ 2017-09-21T22:23:54+08:00 ] 127.0.0.1 /about/busuanzi.pure.mini.js
INFO: [ app_init ] --START--
INFO: Run Behavior\BuildLiteBehavior [ RunTime:0.000012s ]
INFO: [ app_init ] --END-- [ RunTime:0.000272s ]
ERR: 无法加载模块:About

[ 2017-09-21T22:25:04+08:00 ] 127.0.0.1 /about/busuanzi.pure.mini.js
INFO: [ app_init ] --START--
INFO: Run Behavior\BuildLiteBehavior [ RunTime:0.000018s ]
INFO: [ app_init ] --END-- [ RunTime:0.000410s ]
ERR: 无法加载模块:About

[ 2017-09-21T22:25:04+08:00 ] 127.0.0.1 /about/busuanzi.pure.mini.js
INFO: [ app_init ] --START--
INFO: Run Behavior\BuildLiteBehavior [ RunTime:0.000021s ]
INFO: [ app_init ] --END-- [ RunTime:0.000554s ]
ERR: 无法加载模块:About

[ 2017-09-21T22:25:15+08:00 ] 127.0.0.1 /about/busuanzi.pure.mini.js
INFO: [ app_init ] --START--
INFO: Run Behavior\BuildLiteBehavior [ RunTime:0.000013s ]
INFO: [ app_init ] --END-- [ RunTime:0.000310s ]
ERR: 无法加载模块:About

[ 2017-09-21T22:25:35+08:00 ] 127.0.0.1 /about/busuanzi.pure.mini.js
INFO: [ app_init ] --START--
INFO: Run Behavior\BuildLiteBehavior [ RunTime:0.000016s ]
INFO: [ app_init ] --END-- [ RunTime:0.000428s ]
ERR: 无法加载模块:About

[ 2017-09-21T22:25:45+08:00 ] 127.0.0.1 /about/busuanzi.pure.mini.js
INFO: [ app_init ] --START--
INFO: Run Behavior\BuildLiteBehavior [ RunTime:0.000019s ]
INFO: [ app_init ] --END-- [ RunTime:0.000458s ]
ERR: 无法加载模块:About

[ 2017-09-21T22:26:26+08:00 ] 127.0.0.1 /about/busuanzi.pure.mini.js
INFO: [ app_init ] --START--
INFO: Run Behavior\BuildLiteBehavior [ RunTime:0.000013s ]
INFO: [ app_init ] --END-- [ RunTime:0.000285s ]
ERR: 无法加载模块:About

[ 2017-09-21T22:26:44+08:00 ] 127.0.0.1 /about/busuanzi.pure.mini.js
INFO: [ app_init ] --START--
INFO: Run Behavior\BuildLiteBehavior [ RunTime:0.000020s ]
INFO: [ app_init ] --END-- [ RunTime:0.000536s ]
ERR: 无法加载模块:About

[ 2017-09-21T22:27:00+08:00 ] 127.0.0.1 /about/busuanzi.pure.mini.js
INFO: [ app_init ] --START--
INFO: Run Behavior\BuildLiteBehavior [ RunTime:0.000022s ]
INFO: [ app_init ] --END-- [ RunTime:0.000511s ]
ERR: 无法加载模块:About

[ 2017-09-21T22:27:25+08:00 ] 127.0.0.1 /about/busuanzi.pure.mini.js
INFO: [ app_init ] --START--
INFO: Run Behavior\BuildLiteBehavior [ RunTime:0.000012s ]
INFO: [ app_init ] --END-- [ RunTime:0.000291s ]
ERR: 无法加载模块:About

[ 2017-09-21T22:27:39+08:00 ] 127.0.0.1 /about/busuanzi.pure.mini.js
INFO: [ app_init ] --START--
INFO: Run Behavior\BuildLiteBehavior [ RunTime:0.000017s ]
INFO: [ app_init ] --END-- [ RunTime:0.000420s ]
ERR: 无法加载模块:About

[ 2017-09-21T22:28:33+08:00 ] 127.0.0.1 /about/busuanzi.pure.mini.js
INFO: [ app_init ] --START--
INFO: Run Behavior\BuildLiteBehavior [ RunTime:0.000013s ]
INFO: [ app_init ] --END-- [ RunTime:0.000273s ]
ERR: 无法加载模块:About

[ 2017-09-21T22:29:22+08:00 ] 127.0.0.1 /about/busuanzi.pure.mini.js
INFO: [ app_init ] --START--
INFO: Run Behavior\BuildLiteBehavior [ RunTime:0.000026s ]
INFO: [ app_init ] --END-- [ RunTime:0.000429s ]
ERR: 无法加载模块:About

[ 2017-09-21T22:31:12+08:00 ] 127.0.0.1 /about/busuanzi.pure.mini.js
INFO: [ app_init ] --START--
INFO: Run Behavior\BuildLiteBehavior [ RunTime:0.000016s ]
INFO: [ app_init ] --END-- [ RunTime:0.000363s ]
ERR: 无法加载模块:About

[ 2017-09-21T22:31:34+08:00 ] 127.0.0.1 /about/busuanzi.pure.mini.js
INFO: [ app_init ] --START--
INFO: Run Behavior\BuildLiteBehavior [ RunTime:0.000020s ]
INFO: [ app_init ] --END-- [ RunTime:0.000433s ]
ERR: 无法加载模块:About

[ 2017-09-21T22:32:26+08:00 ] 127.0.0.1 /about/busuanzi.pure.mini.js
INFO: [ app_init ] --START--
INFO: Run Behavior\BuildLiteBehavior [ RunTime:0.000012s ]
INFO: [ app_init ] --END-- [ RunTime:0.000296s ]
ERR: 无法加载模块:About

[ 2017-09-21T22:32:39+08:00 ] 127.0.0.1 /about/busuanzi.pure.mini.js
INFO: [ app_init ] --START--
INFO: Run Behavior\BuildLiteBehavior [ RunTime:0.000012s ]
INFO: [ app_init ] --END-- [ RunTime:0.000293s ]
ERR: 无法加载模块:About

[ 2017-09-21T22:33:04+08:00 ] 127.0.0.1 /about/busuanzi.pure.mini.js
INFO: [ app_init ] --START--
INFO: Run Behavior\BuildLiteBehavior [ RunTime:0.000015s ]
INFO: [ app_init ] --END-- [ RunTime:0.000401s ]
ERR: 无法加载模块:About

[ 2017-09-21T22:33:39+08:00 ] 127.0.0.1 /about/busuanzi.pure.mini.js
INFO: [ app_init ] --START--
INFO: Run Behavior\BuildLiteBehavior [ RunTime:0.000015s ]
INFO: [ app_init ] --END-- [ RunTime:0.000397s ]
ERR: 无法加载模块:About

[ 2017-09-21T22:33:40+08:00 ] 127.0.0.1 /about/busuanzi.pure.mini.js
INFO: [ app_init ] --START--
INFO: Run Behavior\BuildLiteBehavior [ RunTime:0.000012s ]
INFO: [ app_init ] --END-- [ RunTime:0.000328s ]
ERR: 无法加载模块:About

[ 2017-09-21T22:34:01+08:00 ] 127.0.0.1 /about/busuanzi.pure.mini.js
INFO: [ app_init ] --START--
INFO: Run Behavior\BuildLiteBehavior [ RunTime:0.000013s ]
INFO: [ app_init ] --END-- [ RunTime:0.000311s ]
ERR: 无法加载模块:About

[ 2017-09-21T22:34:09+08:00 ] 127.0.0.1 /about/busuanzi.pure.mini.js
INFO: [ app_init ] --START--
INFO: Run Behavior\BuildLiteBehavior [ RunTime:0.000016s ]
INFO: [ app_init ] --END-- [ RunTime:0.000456s ]
ERR: 无法加载模块:About

[ 2017-09-21T22:34:17+08:00 ] 127.0.0.1 /about/busuanzi.pure.mini.js
INFO: [ app_init ] --START--
INFO: Run Behavior\BuildLiteBehavior [ RunTime:0.000018s ]
INFO: [ app_init ] --END-- [ RunTime:0.000422s ]
ERR: 无法加载模块:About

[ 2017-09-21T22:34:56+08:00 ] 127.0.0.1 /about/busuanzi.pure.mini.js
INFO: [ app_init ] --START--
INFO: Run Behavior\BuildLiteBehavior [ RunTime:0.000012s ]
INFO: [ app_init ] --END-- [ RunTime:0.000309s ]
ERR: 无法加载模块:About

[ 2017-09-21T22:35:14+08:00 ] 127.0.0.1 /about/busuanzi.pure.mini.js
INFO: [ app_init ] --START--
INFO: Run Behavior\BuildLiteBehavior [ RunTime:0.000017s ]
INFO: [ app_init ] --END-- [ RunTime:0.000415s ]
ERR: 无法加载模块:About

[ 2017-09-21T22:35:15+08:00 ] 127.0.0.1 /about/busuanzi.pure.mini.js
INFO: [ app_init ] --START--
INFO: Run Behavior\BuildLiteBehavior [ RunTime:0.000012s ]
INFO: [ app_init ] --END-- [ RunTime:0.000288s ]
ERR: 无法加载模块:About

[ 2017-09-21T22:35:39+08:00 ] 127.0.0.1 /about/busuanzi.pure.mini.js
INFO: [ app_init ] --START--
INFO: Run Behavior\BuildLiteBehavior [ RunTime:0.000014s ]
INFO: [ app_init ] --END-- [ RunTime:0.000383s ]
ERR: 无法加载模块:About

[ 2017-09-21T22:35:57+08:00 ] 127.0.0.1 /about/busuanzi.pure.mini.js
INFO: [ app_init ] --START--
INFO: Run Behavior\BuildLiteBehavior [ RunTime:0.000016s ]
INFO: [ app_init ] --END-- [ RunTime:0.000405s ]
ERR: 无法加载模块:About

[ 2017-09-21T22:35:59+08:00 ] 127.0.0.1 /about/busuanzi.pure.mini.js
INFO: [ app_init ] --START--
INFO: Run Behavior\BuildLiteBehavior [ RunTime:0.000014s ]
INFO: [ app_init ] --END-- [ RunTime:0.000370s ]
ERR: 无法加载模块:About

[ 2017-09-21T22:37:11+08:00 ] 127.0.0.1 /about/busuanzi.pure.mini.js
INFO: [ app_init ] --START--
INFO: Run Behavior\BuildLiteBehavior [ RunTime:0.000012s ]
INFO: [ app_init ] --END-- [ RunTime:0.000311s ]
ERR: 无法加载模块:About

[ 2017-09-21T22:37:24+08:00 ] 127.0.0.1 /about/busuanzi.pure.mini.js
INFO: [ app_init ] --START--
INFO: Run Behavior\BuildLiteBehavior [ RunTime:0.000013s ]
INFO: [ app_init ] --END-- [ RunTime:0.000462s ]
ERR: 无法加载模块:About

[ 2017-09-21T22:37:47+08:00 ] 127.0.0.1 /about/busuanzi.pure.mini.js
INFO: [ app_init ] --START--
INFO: Run Behavior\BuildLiteBehavior [ RunTime:0.000013s ]
INFO: [ app_init ] --END-- [ RunTime:0.000314s ]
ERR: 无法加载模块:About

[ 2017-09-21T22:38:11+08:00 ] 127.0.0.1 /about/busuanzi.pure.mini.js
INFO: [ app_init ] --START--
INFO: Run Behavior\BuildLiteBehavior [ RunTime:0.000015s ]
INFO: [ app_init ] --END-- [ RunTime:0.000413s ]
ERR: 无法加载模块:About

[ 2017-09-21T22:38:35+08:00 ] 127.0.0.1 /about/busuanzi.pure.mini.js
INFO: [ app_init ] --START--
INFO: Run Behavior\BuildLiteBehavior [ RunTime:0.000013s ]
INFO: [ app_init ] --END-- [ RunTime:0.000329s ]
ERR: 无法加载模块:About

[ 2017-09-21T22:41:43+08:00 ] 127.0.0.1 /about/busuanzi.pure.mini.js
INFO: [ app_init ] --START--
INFO: Run Behavior\BuildLiteBehavior [ RunTime:0.000012s ]
INFO: [ app_init ] --END-- [ RunTime:0.000286s ]
ERR: 无法加载模块:About

[ 2017-09-21T22:41:57+08:00 ] 127.0.0.1 /about/busuanzi.pure.mini.js
INFO: [ app_init ] --START--
INFO: Run Behavior\BuildLiteBehavior [ RunTime:0.000011s ]
INFO: [ app_init ] --END-- [ RunTime:0.000275s ]
ERR: 无法加载模块:About

[ 2017-09-21T22:44:20+08:00 ] 127.0.0.1 /about/busuanzi.pure.mini.js
INFO: [ app_init ] --START--
INFO: Run Behavior\BuildLiteBehavior [ RunTime:0.000016s ]
INFO: [ app_init ] --END-- [ RunTime:0.000409s ]
ERR: 无法加载模块:About

[ 2017-09-21T22:44:47+08:00 ] 127.0.0.1 /about/busuanzi.pure.mini.js
INFO: [ app_init ] --START--
INFO: Run Behavior\BuildLiteBehavior [ RunTime:0.000020s ]
INFO: [ app_init ] --END-- [ RunTime:0.000473s ]
ERR: 无法加载模块:About

[ 2017-09-21T22:45:02+08:00 ] 127.0.0.1 /about/busuanzi.pure.mini.js
INFO: [ app_init ] --START--
INFO: Run Behavior\BuildLiteBehavior [ RunTime:0.000012s ]
INFO: [ app_init ] --END-- [ RunTime:0.000286s ]
ERR: 无法加载模块:About

[ 2017-09-21T22:45:17+08:00 ] 127.0.0.1 /about/busuanzi.pure.mini.js
INFO: [ app_init ] --START--
INFO: Run Behavior\BuildLiteBehavior [ RunTime:0.000012s ]
INFO: [ app_init ] --END-- [ RunTime:0.000305s ]
ERR: 无法加载模块:About

[ 2017-09-21T22:45:41+08:00 ] 127.0.0.1 /about/busuanzi.pure.mini.js
INFO: [ app_init ] --START--
INFO: Run Behavior\BuildLiteBehavior [ RunTime:0.000011s ]
INFO: [ app_init ] --END-- [ RunTime:0.000273s ]
ERR: 无法加载模块:About

[ 2017-09-21T22:46:25+08:00 ] 127.0.0.1 /about/busuanzi.pure.mini.js
INFO: [ app_init ] --START--
INFO: Run Behavior\BuildLiteBehavior [ RunTime:0.000019s ]
INFO: [ app_init ] --END-- [ RunTime:0.000559s ]
ERR: 无法加载模块:About

[ 2017-09-21T22:46:33+08:00 ] 127.0.0.1 /about/busuanzi.pure.mini.js
INFO: [ app_init ] --START--
INFO: Run Behavior\BuildLiteBehavior [ RunTime:0.000013s ]
INFO: [ app_init ] --END-- [ RunTime:0.000292s ]
ERR: 无法加载模块:About

[ 2017-09-21T22:46:46+08:00 ] 127.0.0.1 /about/busuanzi.pure.mini.js
INFO: [ app_init ] --START--
INFO: Run Behavior\BuildLiteBehavior [ RunTime:0.000012s ]
INFO: [ app_init ] --END-- [ RunTime:0.000284s ]
ERR: 无法加载模块:About

[ 2017-09-21T22:46:53+08:00 ] 127.0.0.1 /about/busuanzi.pure.mini.js
INFO: [ app_init ] --START--
INFO: Run Behavior\BuildLiteBehavior [ RunTime:0.000011s ]
INFO: [ app_init ] --END-- [ RunTime:0.000291s ]
ERR: 无法加载模块:About

[ 2017-09-21T22:47:22+08:00 ] 127.0.0.1 /about/busuanzi.pure.mini.js
INFO: [ app_init ] --START--
INFO: Run Behavior\BuildLiteBehavior [ RunTime:0.000015s ]
INFO: [ app_init ] --END-- [ RunTime:0.000411s ]
ERR: 无法加载模块:About

[ 2017-09-21T22:48:32+08:00 ] 127.0.0.1 /about/busuanzi.pure.mini.js
INFO: [ app_init ] --START--
INFO: Run Behavior\BuildLiteBehavior [ RunTime:0.000013s ]
INFO: [ app_init ] --END-- [ RunTime:0.000292s ]
ERR: 无法加载模块:About

[ 2017-09-21T22:48:38+08:00 ] 127.0.0.1 /about/busuanzi.pure.mini.js
INFO: [ app_init ] --START--
INFO: Run Behavior\BuildLiteBehavior [ RunTime:0.000017s ]
INFO: [ app_init ] --END-- [ RunTime:0.000403s ]
ERR: 无法加载模块:About

[ 2017-09-21T22:49:12+08:00 ] 127.0.0.1 /about/busuanzi.pure.mini.js
INFO: [ app_init ] --START--
INFO: Run Behavior\BuildLiteBehavior [ RunTime:0.000012s ]
INFO: [ app_init ] --END-- [ RunTime:0.000328s ]
ERR: 无法加载模块:About

[ 2017-09-21T22:49:22+08:00 ] 127.0.0.1 /about/busuanzi.pure.mini.js
INFO: [ app_init ] --START--
INFO: Run Behavior\BuildLiteBehavior [ RunTime:0.000011s ]
INFO: [ app_init ] --END-- [ RunTime:0.000272s ]
ERR: 无法加载模块:About

[ 2017-09-21T22:49:28+08:00 ] 127.0.0.1 /about/busuanzi.pure.mini.js
INFO: [ app_init ] --START--
INFO: Run Behavior\BuildLiteBehavior [ RunTime:0.000013s ]
INFO: [ app_init ] --END-- [ RunTime:0.000323s ]
ERR: 无法加载模块:About

[ 2017-09-21T22:51:29+08:00 ] 127.0.0.1 /about/busuanzi.pure.mini.js
INFO: [ app_init ] --START--
INFO: Run Behavior\BuildLiteBehavior [ RunTime:0.000015s ]
INFO: [ app_init ] --END-- [ RunTime:0.000317s ]
ERR: 无法加载模块:About

[ 2017-09-21T22:51:37+08:00 ] 127.0.0.1 /about/busuanzi.pure.mini.js
INFO: [ app_init ] --START--
INFO: Run Behavior\BuildLiteBehavior [ RunTime:0.000012s ]
INFO: [ app_init ] --END-- [ RunTime:0.000289s ]
ERR: 无法加载模块:About

[ 2017-09-21T22:51:43+08:00 ] 127.0.0.1 /about/busuanzi.pure.mini.js
INFO: [ app_init ] --START--
INFO: Run Behavior\BuildLiteBehavior [ RunTime:0.000016s ]
INFO: [ app_init ] --END-- [ RunTime:0.000425s ]
ERR: 无法加载模块:About

[ 2017-09-21T22:51:52+08:00 ] 127.0.0.1 /about/busuanzi.pure.mini.js
INFO: [ app_init ] --START--
INFO: Run Behavior\BuildLiteBehavior [ RunTime:0.000012s ]
INFO: [ app_init ] --END-- [ RunTime:0.000284s ]
ERR: 无法加载模块:About

[ 2017-09-21T22:52:04+08:00 ] 127.0.0.1 /about/busuanzi.pure.mini.js
INFO: [ app_init ] --START--
INFO: Run Behavior\BuildLiteBehavior [ RunTime:0.000016s ]
INFO: [ app_init ] --END-- [ RunTime:0.000288s ]
ERR: 无法加载模块:About

[ 2017-09-21T22:54:35+08:00 ] 127.0.0.1 /about/busuanzi.pure.mini.js
INFO: [ app_init ] --START--
INFO: Run Behavior\BuildLiteBehavior [ RunTime:0.000019s ]
INFO: [ app_init ] --END-- [ RunTime:0.000470s ]
ERR: 无法加载模块:About

[ 2017-09-21T22:59:38+08:00 ] 127.0.0.1 /about/busuanzi.pure.mini.js
INFO: [ app_init ] --START--
INFO: Run Behavior\BuildLiteBehavior [ RunTime:0.000021s ]
INFO: [ app_init ] --END-- [ RunTime:0.000548s ]
ERR: 无法加载模块:About

[ 2017-09-21T22:59:49+08:00 ] 127.0.0.1 /about/busuanzi.pure.mini.js
INFO: [ app_init ] --START--
INFO: Run Behavior\BuildLiteBehavior [ RunTime:0.000037s ]
INFO: [ app_init ] --END-- [ RunTime:0.000574s ]
ERR: 无法加载模块:About

[ 2017-09-21T23:01:19+08:00 ] 127.0.0.1 /about/busuanzi.pure.mini.js
INFO: [ app_init ] --START--
INFO: Run Behavior\BuildLiteBehavior [ RunTime:0.000011s ]
INFO: [ app_init ] --END-- [ RunTime:0.000325s ]
ERR: 无法加载模块:About

[ 2017-09-21T23:02:09+08:00 ] 127.0.0.1 /about/busuanzi.pure.mini.js
INFO: [ app_init ] --START--
INFO: Run Behavior\BuildLiteBehavior [ RunTime:0.000019s ]
INFO: [ app_init ] --END-- [ RunTime:0.000424s ]
ERR: 无法加载模块:About

[ 2017-09-21T23:03:27+08:00 ] 127.0.0.1 /about/busuanzi.pure.mini.js
INFO: [ app_init ] --START--
INFO: Run Behavior\BuildLiteBehavior [ RunTime:0.000016s ]
INFO: [ app_init ] --END-- [ RunTime:0.000411s ]
ERR: 无法加载模块:About

[ 2017-09-21T23:04:07+08:00 ] 127.0.0.1 /about/busuanzi.pure.mini.js
INFO: [ app_init ] --START--
INFO: Run Behavior\BuildLiteBehavior [ RunTime:0.000017s ]
INFO: [ app_init ] --END-- [ RunTime:0.000457s ]
ERR: 无法加载模块:About

[ 2017-09-21T23:04:57+08:00 ] 127.0.0.1 /about/busuanzi.pure.mini.js
INFO: [ app_init ] --START--
INFO: Run Behavior\BuildLiteBehavior [ RunTime:0.000016s ]
INFO: [ app_init ] --END-- [ RunTime:0.000509s ]
ERR: 无法加载模块:About

[ 2017-09-21T23:05:10+08:00 ] 127.0.0.1 /about/busuanzi.pure.mini.js
INFO: [ app_init ] --START--
INFO: Run Behavior\BuildLiteBehavior [ RunTime:0.000012s ]
INFO: [ app_init ] --END-- [ RunTime:0.000298s ]
ERR: 无法加载模块:About

[ 2017-09-21T23:05:22+08:00 ] 127.0.0.1 /about/busuanzi.pure.mini.js
INFO: [ app_init ] --START--
INFO: Run Behavior\BuildLiteBehavior [ RunTime:0.000011s ]
INFO: [ app_init ] --END-- [ RunTime:0.000291s ]
ERR: 无法加载模块:About

[ 2017-09-21T23:05:38+08:00 ] 127.0.0.1 /about/busuanzi.pure.mini.js
INFO: [ app_init ] --START--
INFO: Run Behavior\BuildLiteBehavior [ RunTime:0.000017s ]
INFO: [ app_init ] --END-- [ RunTime:0.000315s ]
ERR: 无法加载模块:About

[ 2017-09-21T23:06:19+08:00 ] 127.0.0.1 /about/busuanzi.pure.mini.js
INFO: [ app_init ] --START--
INFO: Run Behavior\BuildLiteBehavior [ RunTime:0.000013s ]
INFO: [ app_init ] --END-- [ RunTime:0.000335s ]
ERR: 无法加载模块:About

[ 2017-09-21T23:06:38+08:00 ] 127.0.0.1 /about/busuanzi.pure.mini.js
INFO: [ app_init ] --START--
INFO: Run Behavior\BuildLiteBehavior [ RunTime:0.000012s ]
INFO: [ app_init ] --END-- [ RunTime:0.000304s ]
ERR: 无法加载模块:About

[ 2017-09-21T23:15:52+08:00 ] 127.0.0.1 /favicon.ico
INFO: [ app_init ] --START--
INFO: Run Behavior\BuildLiteBehavior [ RunTime:0.000030s ]
INFO: [ app_init ] --END-- [ RunTime:0.000485s ]
ERR: 无法加载模块:Favicon

[ 2017-09-21T23:57:11+08:00 ] 127.0.0.1 /favicon.ico
INFO: [ app_init ] --START--
INFO: Run Behavior\BuildLiteBehavior [ RunTime:0.000016s ]
INFO: [ app_init ] --END-- [ RunTime:0.000416s ]
ERR: 无法加载模块:Favicon

