[ 2017-09-18T22:55:57+08:00 ] 127.0.0.1 /index.php?m=admin
INFO: [ app_init ] --START--
INFO: Run Behavior\BuildLiteBehavior [ RunTime:0.000015s ]
INFO: [ app_init ] --END-- [ RunTime:0.000354s ]
INFO: [ app_begin ] --START--
INFO: Run Behavior\ReadHtmlCacheBehavior [ RunTime:0.000371s ]
INFO: [ app_begin ] --END-- [ RunTime:0.000425s ]
INFO: [ view_parse ] --START--
INFO: [ template_filter ] --START--
INFO: Run Behavior\ContentReplaceBehavior [ RunTime:0.000155s ]
INFO: [ template_filter ] --END-- [ RunTime:0.000237s ]
INFO: Run Behavior\ParseTemplateBehavior [ RunTime:0.096106s ]
INFO: [ view_parse ] --END-- [ RunTime:0.096225s ]
INFO: [ view_filter ] --START--
INFO: Run Behavior\WriteHtmlCacheBehavior [ RunTime:0.000685s ]
INFO: [ view_filter ] --END-- [ RunTime:0.000789s ]
INFO: [ app_end ] --START--
INFO: Run Behavior\ShowPageTraceBehavior [ RunTime:0.001338s ]
INFO: [ app_end ] --END-- [ RunTime:0.001475s ]

[ 2017-09-18T22:55:59+08:00 ] 127.0.0.1 /index.php?m=Admin&c=index&a=index
INFO: [ app_init ] --START--
INFO: Run Behavior\BuildLiteBehavior [ RunTime:0.000013s ]
INFO: [ app_init ] --END-- [ RunTime:0.000319s ]
INFO: [ app_begin ] --START--
INFO: Run Behavior\ReadHtmlCacheBehavior [ RunTime:0.000385s ]
INFO: [ app_begin ] --END-- [ RunTime:0.000431s ]
INFO: [ view_parse ] --START--
INFO: [ template_filter ] --START--
INFO: Run Behavior\ContentReplaceBehavior [ RunTime:0.000150s ]
INFO: [ template_filter ] --END-- [ RunTime:0.000236s ]
INFO: Run Behavior\ParseTemplateBehavior [ RunTime:0.028836s ]
INFO: [ view_parse ] --END-- [ RunTime:0.028888s ]
INFO: [ view_filter ] --START--
INFO: Run Behavior\WriteHtmlCacheBehavior [ RunTime:0.000228s ]
INFO: [ view_filter ] --END-- [ RunTime:0.000262s ]
INFO: [ app_end ] --START--
INFO: Run Behavior\ShowPageTraceBehavior [ RunTime:0.000458s ]
INFO: [ app_end ] --END-- [ RunTime:0.000501s ]

[ 2017-09-18T22:56:11+08:00 ] 127.0.0.1 /index.php?m=Admin&c=index&a=index
INFO: [ app_init ] --START--
INFO: Run Behavior\BuildLiteBehavior [ RunTime:0.000013s ]
INFO: [ app_init ] --END-- [ RunTime:0.000318s ]
INFO: [ app_begin ] --START--
INFO: Run Behavior\ReadHtmlCacheBehavior [ RunTime:0.000378s ]
INFO: [ app_begin ] --END-- [ RunTime:0.000423s ]
INFO: [ view_parse ] --START--
INFO: [ template_filter ] --START--
INFO: Run Behavior\ContentReplaceBehavior [ RunTime:0.000169s ]
INFO: [ template_filter ] --END-- [ RunTime:0.000255s ]
INFO: Run Behavior\ParseTemplateBehavior [ RunTime:0.011245s ]
INFO: [ view_parse ] --END-- [ RunTime:0.011317s ]
INFO: [ view_filter ] --START--
INFO: Run Behavior\WriteHtmlCacheBehavior [ RunTime:0.000224s ]
INFO: [ view_filter ] --END-- [ RunTime:0.000258s ]
INFO: [ app_end ] --START--
INFO: Run Behavior\ShowPageTraceBehavior [ RunTime:0.000516s ]
INFO: [ app_end ] --END-- [ RunTime:0.000561s ]

[ 2017-09-18T22:56:11+08:00 ] 127.0.0.1 /index.php?m=Admin&c=index&a=index
INFO: [ app_init ] --START--
INFO: Run Behavior\BuildLiteBehavior [ RunTime:0.000018s ]
INFO: [ app_init ] --END-- [ RunTime:0.000385s ]
INFO: [ app_begin ] --START--
INFO: Run Behavior\ReadHtmlCacheBehavior [ RunTime:0.000475s ]
INFO: [ app_begin ] --END-- [ RunTime:0.000579s ]
INFO: [ view_parse ] --START--
INFO: [ template_filter ] --START--
INFO: Run Behavior\ContentReplaceBehavior [ RunTime:0.000110s ]
INFO: [ template_filter ] --END-- [ RunTime:0.000156s ]
INFO: Run Behavior\ParseTemplateBehavior [ RunTime:0.008769s ]
INFO: [ view_parse ] --END-- [ RunTime:0.008819s ]
INFO: [ view_filter ] --START--
INFO: Run Behavior\WriteHtmlCacheBehavior [ RunTime:0.000223s ]
INFO: [ view_filter ] --END-- [ RunTime:0.000255s ]
INFO: [ app_end ] --START--
INFO: Run Behavior\ShowPageTraceBehavior [ RunTime:0.000441s ]
INFO: [ app_end ] --END-- [ RunTime:0.000486s ]

[ 2017-09-18T22:56:16+08:00 ] 127.0.0.1 /index.php?m=Admin&c=article&a=index
INFO: [ app_init ] --START--
INFO: Run Behavior\BuildLiteBehavior [ RunTime:0.000013s ]
INFO: [ app_init ] --END-- [ RunTime:0.000338s ]
INFO: [ app_begin ] --START--
INFO: Run Behavior\ReadHtmlCacheBehavior [ RunTime:0.000383s ]
INFO: [ app_begin ] --END-- [ RunTime:0.000430s ]
SQL: SHOW COLUMNS FROM `article` [ RunTime:0.0200s ]
SQL: SELECT * FROM `article`  [ RunTime:0.0008s ]
INFO: [ view_parse ] --START--
INFO: [ template_filter ] --START--
INFO: Run Behavior\ContentReplaceBehavior [ RunTime:0.000346s ]
INFO: [ template_filter ] --END-- [ RunTime:0.000486s ]
NOTIC: [8] Undefined index: comment F:\oa\Application\Runtime\Cache\Admin\7a4184ffe8f804b12b2e7f8851dd8f7d.php 第 157 行.
NOTIC: [8] Undefined index: comment F:\oa\Application\Runtime\Cache\Admin\7a4184ffe8f804b12b2e7f8851dd8f7d.php 第 157 行.
NOTIC: [8] Undefined index: comment F:\oa\Application\Runtime\Cache\Admin\7a4184ffe8f804b12b2e7f8851dd8f7d.php 第 157 行.
NOTIC: [8] Undefined index: comment F:\oa\Application\Runtime\Cache\Admin\7a4184ffe8f804b12b2e7f8851dd8f7d.php 第 157 行.
INFO: Run Behavior\ParseTemplateBehavior [ RunTime:0.046362s ]
INFO: [ view_parse ] --END-- [ RunTime:0.046516s ]
INFO: [ view_filter ] --START--
INFO: Run Behavior\WriteHtmlCacheBehavior [ RunTime:0.001255s ]
INFO: [ view_filter ] --END-- [ RunTime:0.001369s ]
INFO: [ app_end ] --START--
INFO: Run Behavior\ShowPageTraceBehavior [ RunTime:0.002027s ]
INFO: [ app_end ] --END-- [ RunTime:0.002175s ]

[ 2017-09-18T22:56:20+08:00 ] 127.0.0.1 /index.php?m=Admin&c=article&a=add_article
INFO: [ app_init ] --START--
INFO: Run Behavior\BuildLiteBehavior [ RunTime:0.000035s ]
INFO: [ app_init ] --END-- [ RunTime:0.000535s ]
INFO: [ app_begin ] --START--
INFO: Run Behavior\ReadHtmlCacheBehavior [ RunTime:0.000703s ]
INFO: [ app_begin ] --END-- [ RunTime:0.000777s ]
INFO: [ view_parse ] --START--
INFO: [ template_filter ] --START--
INFO: Run Behavior\ContentReplaceBehavior [ RunTime:0.000118s ]
INFO: [ template_filter ] --END-- [ RunTime:0.000167s ]
INFO: Run Behavior\ParseTemplateBehavior [ RunTime:0.035697s ]
INFO: [ view_parse ] --END-- [ RunTime:0.035761s ]
INFO: [ view_filter ] --START--
INFO: Run Behavior\WriteHtmlCacheBehavior [ RunTime:0.000227s ]
INFO: [ view_filter ] --END-- [ RunTime:0.000261s ]
INFO: [ app_end ] --START--
INFO: Run Behavior\ShowPageTraceBehavior [ RunTime:0.000454s ]
INFO: [ app_end ] --END-- [ RunTime:0.000508s ]

[ 2017-09-18T22:58:09+08:00 ] 127.0.0.1 /index.php?m=Admin&c=article&a=add_article
INFO: [ app_init ] --START--
INFO: Run Behavior\BuildLiteBehavior [ RunTime:0.000014s ]
INFO: [ app_init ] --END-- [ RunTime:0.000359s ]
INFO: [ app_begin ] --START--
INFO: Run Behavior\ReadHtmlCacheBehavior [ RunTime:0.000409s ]
INFO: [ app_begin ] --END-- [ RunTime:0.000462s ]
SQL: SHOW COLUMNS FROM `article` [ RunTime:0.0210s ]
SQL: INSERT INTO `article` (`title`,`keywords`,`description`,`cate_id`,`image`,`display`,`content`,`created_time`,`updated_time`) VALUES ('三国演义 （中国古典四大名著之一）','三国演义','《三国演义》是中国古典四大名著之一，是中国第一部长篇章回体历史演义小说，全名为《三国志通俗演义》（又称《三国演义》），作者是元末明初的著名小说家罗贯中','1','','0','&lt;p&gt;&lt;span style=&quot;font-weight: 700;&quot;&gt;《三国演义》&lt;/span&gt;是&lt;a target=&quot;_blank&quot; href=&quot;https://baike.baidu.com/item/%E4%B8%AD%E5%9B%BD%E5%8F%A4%E5%85%B8%E5%9B%9B%E5%A4%A7%E5%90%8D%E8%91%97&quot; style=&quot;color: rgb(19, 110, 194); text-decoration-line: none;&quot;&gt;中国古典四大名著&lt;/a&gt;之一，是中国第一部长篇&lt;a target=&quot;_blank&quot; href=&quot;https://baike.baidu.com/item/%E7%AB%A0%E5%9B%9E%E4%BD%93&quot; style=&quot;color: rgb(19, 110, 194); text-decoration-line: none;&quot;&gt;章回体&lt;/a&gt;&lt;a target=&quot;_blank&quot; href=&quot;https://baike.baidu.com/item/%E5%8E%86%E5%8F%B2%E6%BC%94%E4%B9%89%E5%B0%8F%E8%AF%B4&quot; style=&quot;color: rgb(19, 110, 194); text-decoration-line: none;&quot;&gt;历史演义小说&lt;/a&gt;，全名为《&lt;span style=&quot;font-weight: 700;&quot;&gt;三国志通俗演义&lt;/span&gt;》（又称《&lt;span style=&quot;font-weight: 700;&quot;&gt;三国演义&lt;/span&gt;》），&lt;a target=&quot;_blank&quot; href=&quot;https://baike.baidu.com/item/%E4%BD%9C%E8%80%85/144157&quot; data-lemmaid=&quot;144157&quot; style=&quot;color: rgb(19, 110, 194); text-decoration-line: none;&quot;&gt;作者&lt;/a&gt;是元末明初的著名小说家&lt;a target=&quot;_blank&quot; href=&quot;https://baike.baidu.com/item/%E7%BD%97%E8%B4%AF%E4%B8%AD&quot; style=&quot;color: rgb(19, 110, 194); text-decoration-line: none;&quot;&gt;罗贯中&lt;/a&gt;。&lt;/p&gt;&lt;p&gt;《三国演义》&lt;a target=&quot;_blank&quot; href=&quot;https://baike.baidu.com/item/%E6%8F%8F%E5%86%99&quot; style=&quot;color: rgb(19, 110, 194); text-decoration-line: none;&quot;&gt;描写&lt;/a&gt;了从&lt;a target=&quot;_blank&quot; href=&quot;https://baike.baidu.com/item/%E4%B8%9C%E6%B1%89%E6%9C%AB%E5%B9%B4&quot; style=&quot;color: rgb(19, 110, 194); text-decoration-line: none;&quot;&gt;东汉末年&lt;/a&gt;到&lt;a target=&quot;_blank&quot; href=&quot;https://baike.baidu.com/item/%E8%A5%BF%E6%99%8B&quot; style=&quot;color: rgb(19, 110, 194); text-decoration-line: none;&quot;&gt;西晋&lt;/a&gt;初年之间近百年的历史风云，以描写战争为主，诉说了&lt;a target=&quot;_blank&quot; href=&quot;https://baike.baidu.com/item/%E4%B8%9C%E6%B1%89&quot; style=&quot;color: rgb(19, 110, 194); text-decoration-line: none;&quot;&gt;东汉&lt;/a&gt;末年的&lt;a target=&quot;_blank&quot; href=&quot;https://baike.baidu.com/item/%E7%BE%A4%E9%9B%84%E5%89%B2%E6%8D%AE/13444&quot; data-lemmaid=&quot;13444&quot; style=&quot;color: rgb(19, 110, 194); text-decoration-line: none;&quot;&gt;群雄割据&lt;/a&gt;混战和汉、魏、吴三国之间的政治和军事斗争，最终&lt;a target=&quot;_blank&quot; href=&quot;https://baike.baidu.com/item/%E5%8F%B8%E9%A9%AC%E7%82%8E&quot; style=&quot;color: rgb(19, 110, 194); text-decoration-line: none;&quot;&gt;司马炎&lt;/a&gt;一统三国，建立&lt;a target=&quot;_blank&quot; href=&quot;https://baike.baidu.com/item/%E6%99%8B%E6%9C%9D/195770&quot; data-lemmaid=&quot;195770&quot; style=&quot;color: rgb(19, 110, 194); text-decoration-line: none;&quot;&gt;晋朝&lt;/a&gt;的故事。反映了&lt;a target=&quot;_blank&quot; href=&quot;https://baike.baidu.com/item/%E4%B8%89%E5%9B%BD%E6%97%B6%E4%BB%A3&quot; style=&quot;color: rgb(19, 110, 194); text-decoration-line: none;&quot;&gt;三国时代&lt;/a&gt;各类社会斗争与矛盾的转化，并概括了这一时代的历史巨变，塑造了一群&lt;a target=&quot;_blank&quot; href=&quot;https://baike.baidu.com/item/%E5%8F%B1%E5%92%A4%E9%A3%8E%E4%BA%91/69714&quot; data-lemmaid=&quot;69714&quot; style=&quot;color: rgb(19, 110, 194); text-decoration-line: none;&quot;&gt;叱咤风云&lt;/a&gt;的三国&lt;a target=&quot;_blank&quot; href=&quot;https://baike.baidu.com/item/%E8%8B%B1%E9%9B%84%E4%BA%BA%E7%89%A9/3771922&quot; data-lemmaid=&quot;3771922&quot; style=&quot;color: rgb(19, 110, 194); text-decoration-line: none;&quot;&gt;英雄人物&lt;/a&gt;。&lt;/p&gt;&lt;p&gt;全书可大致分为&lt;a target=&quot;_blank&quot; href=&quot;https://baike.baidu.com/item/%E9%BB%84%E5%B7%BE%E8%B5%B7%E4%B9%89&quot; style=&quot;color: rgb(19, 110, 194); text-decoration-line: none;&quot;&gt;黄巾起义&lt;/a&gt;、&lt;a target=&quot;_blank&quot; href=&quot;https://baike.baidu.com/item/%E8%91%A3%E5%8D%93%E4%B9%8B%E4%B9%B1&quot; style=&quot;color: rgb(19, 110, 194); text-decoration-line: none;&quot;&gt;董卓之乱&lt;/a&gt;、&lt;a target=&quot;_blank&quot; href=&quot;https://baike.baidu.com/item/%E7%BE%A4%E9%9B%84%E9%80%90%E9%B9%BF/47121&quot; data-lemmaid=&quot;47121&quot; style=&quot;color: rgb(19, 110, 194); text-decoration-line: none;&quot;&gt;群雄逐鹿&lt;/a&gt;、&lt;a target=&quot;_blank&quot; href=&quot;https://baike.baidu.com/item/%E4%B8%89%E5%9B%BD%E9%BC%8E%E7%AB%8B&quot; style=&quot;color: rgb(19, 110, 194); text-decoration-line: none;&quot;&gt;三国鼎立&lt;/a&gt;、&lt;a target=&quot;_blank&quot; href=&quot;https://baike.baidu.com/item/%E4%B8%89%E5%9B%BD%E5%BD%92%E6%99%8B&quot; style=&quot;color: rgb(19, 110, 194); text-decoration-line: none;&quot;&gt;三国归晋&lt;/a&gt;五大部分。在广阔的历史舞台上，上演了一幕幕&lt;a target=&quot;_blank&quot; href=&quot;https://baike.baidu.com/item/%E6%B0%94%E5%8A%BF%E7%A3%85%E7%A4%B4&quot; style=&quot;color: rgb(19, 110, 194); text-decoration-line: none;&quot;&gt;气势磅礴&lt;/a&gt;的&lt;a target=&quot;_blank&quot; href=&quot;https://baike.baidu.com/item/%E6%88%98%E4%BA%89/14004&quot; data-lemmaid=&quot;14004&quot; style=&quot;color: rgb(19, 110, 194); text-decoration-line: none;&quot;&gt;战争&lt;/a&gt;场面。作者&lt;a target=&quot;_blank&quot; href=&quot;https://baike.baidu.com/item/%E7%BD%97%E8%B4%AF%E4%B8%AD&quot; style=&quot;color: rgb(19, 110, 194); text-decoration-line: none;&quot;&gt;罗贯中&lt;/a&gt;将兵法&lt;a target=&quot;_blank&quot; href=&quot;https://baike.baidu.com/item/%E4%B8%89%E5%8D%81%E5%85%AD%E8%AE%A1&quot; style=&quot;color: rgb(19, 110, 194); text-decoration-line: none;&quot;&gt;三十六计&lt;/a&gt;融于字里行间，既有情节，也有&lt;a target=&quot;_blank&quot; href=&quot;https://baike.baidu.com/item/%E5%85%B5%E6%B3%95&quot; style=&quot;color: rgb(19, 110, 194); text-decoration-line: none;&quot;&gt;兵法&lt;/a&gt;&lt;a target=&quot;_blank&quot; href=&quot;https://baike.baidu.com/item/%E9%9F%AC%E7%95%A5&quot; style=&quot;color: rgb(19, 110, 194); text-decoration-line: none;&quot;&gt;韬略&lt;/a&gt;&lt;/p&gt;&lt;br/&gt;&lt;p&gt;&lt;br/&gt;&lt;/p&gt;','1505746688','1505746688') [ RunTime:0.1566s ]
INFO: [ view_parse ] --START--
INFO: [ template_filter ] --START--
INFO: Run Behavior\ContentReplaceBehavior [ RunTime:0.000123s ]
INFO: [ template_filter ] --END-- [ RunTime:0.000259s ]
INFO: Run Behavior\ParseTemplateBehavior [ RunTime:0.038785s ]
INFO: [ view_parse ] --END-- [ RunTime:0.038956s ]
INFO: [ view_filter ] --START--
INFO: Run Behavior\WriteHtmlCacheBehavior [ RunTime:0.000421s ]
INFO: [ view_filter ] --END-- [ RunTime:0.000489s ]
INFO: [ app_end ] --START--
INFO: Run Behavior\ShowPageTraceBehavior [ RunTime:0.000794s ]
INFO: [ app_end ] --END-- [ RunTime:0.000887s ]

[ 2017-09-18T22:58:13+08:00 ] 127.0.0.1 /index.php?m=Admin&c=article&a=index
INFO: [ app_init ] --START--
INFO: Run Behavior\BuildLiteBehavior [ RunTime:0.000018s ]
INFO: [ app_init ] --END-- [ RunTime:0.000534s ]
INFO: [ app_begin ] --START--
INFO: Run Behavior\ReadHtmlCacheBehavior [ RunTime:0.000663s ]
INFO: [ app_begin ] --END-- [ RunTime:0.000747s ]
SQL: SHOW COLUMNS FROM `article` [ RunTime:0.0378s ]
SQL: SELECT * FROM `article`  [ RunTime:0.0009s ]
INFO: [ view_parse ] --START--
INFO: [ template_filter ] --START--
INFO: Run Behavior\ContentReplaceBehavior [ RunTime:0.000249s ]
INFO: [ template_filter ] --END-- [ RunTime:0.000354s ]
NOTIC: [8] Undefined index: comment F:\oa\Application\Runtime\Cache\Admin\7a4184ffe8f804b12b2e7f8851dd8f7d.php 第 157 行.
NOTIC: [8] Undefined index: comment F:\oa\Application\Runtime\Cache\Admin\7a4184ffe8f804b12b2e7f8851dd8f7d.php 第 157 行.
NOTIC: [8] Undefined index: comment F:\oa\Application\Runtime\Cache\Admin\7a4184ffe8f804b12b2e7f8851dd8f7d.php 第 157 行.
NOTIC: [8] Undefined index: comment F:\oa\Application\Runtime\Cache\Admin\7a4184ffe8f804b12b2e7f8851dd8f7d.php 第 157 行.
NOTIC: [8] Undefined index: comment F:\oa\Application\Runtime\Cache\Admin\7a4184ffe8f804b12b2e7f8851dd8f7d.php 第 157 行.
INFO: Run Behavior\ParseTemplateBehavior [ RunTime:0.025881s ]
INFO: [ view_parse ] --END-- [ RunTime:0.026002s ]
INFO: [ view_filter ] --START--
INFO: Run Behavior\WriteHtmlCacheBehavior [ RunTime:0.000560s ]
INFO: [ view_filter ] --END-- [ RunTime:0.000636s ]
INFO: [ app_end ] --START--
INFO: Run Behavior\ShowPageTraceBehavior [ RunTime:0.001012s ]
INFO: [ app_end ] --END-- [ RunTime:0.001123s ]

